TN:
SF:knexfile.js
FNF:0
FNH:0
DA:1,7
LF:1
LH:1
BRF:0
BRH:0
end_of_record
TN:
SF:src\app.js
FN:18,(anonymous_0)
FN:22,(anonymous_1)
FNF:2
FNH:2
FNDA:1,(anonymous_0)
FNDA:26,(anonymous_1)
DA:1,7
DA:2,7
DA:3,7
DA:4,7
DA:5,7
DA:8,7
DA:10,7
DA:18,7
DA:19,1
DA:22,7
DA:23,26
DA:24,26
DA:25,5
DA:27,0
DA:28,0
DA:30,26
DA:34,7
LF:17
LH:15
BRDA:24,0,0,21
BRDA:24,0,1,5
BRDA:25,1,0,5
BRDA:25,1,1,0
BRF:4
BRH:3
end_of_record
TN:
SF:src\config\middlewares.js
FN:4,(anonymous_0)
FNF:1
FNH:1
FNDA:7,(anonymous_0)
DA:1,7
DA:4,7
DA:5,7
LF:3
LH:3
BRF:0
BRH:0
end_of_record
TN:
SF:src\config\passport.js
FN:8,(anonymous_0)
FN:14,(anonymous_1)
FN:16,(anonymous_2)
FN:19,(anonymous_3)
FN:25,(anonymous_4)
FNF:5
FNH:4
FNDA:7,(anonymous_0)
FNDA:64,(anonymous_1)
FNDA:64,(anonymous_2)
FNDA:0,(anonymous_3)
FNDA:7,(anonymous_4)
DA:1,7
DA:2,7
DA:4,7
DA:6,7
DA:8,7
DA:9,7
DA:14,7
DA:15,64
DA:17,64
DA:18,0
DA:19,0
DA:22,7
DA:24,7
DA:25,7
LF:14
LH:12
BRDA:17,0,0,64
BRDA:17,0,1,0
BRF:2
BRH:1
end_of_record
TN:
SF:src\config\router.js
FN:3,(anonymous_0)
FNF:1
FNH:1
FNDA:7,(anonymous_0)
DA:1,7
DA:3,7
DA:4,7
DA:5,7
DA:7,7
DA:8,7
DA:9,7
DA:10,7
DA:11,7
DA:15,7
LF:10
LH:10
BRF:0
BRH:0
end_of_record
TN:
SF:src\errors\RecursoIndevidoError.js
FN:1,RecursoIndevidoError
FNF:1
FNH:1
FNDA:5,RecursoIndevidoError
DA:1,7
DA:2,5
DA:3,5
LF:3
LH:3
BRDA:1,0,0,5
BRF:1
BRH:1
end_of_record
TN:
SF:src\errors\ValidationError.js
FN:1,ValidationError
FNF:1
FNH:1
FNDA:21,ValidationError
DA:1,7
DA:2,21
DA:3,21
LF:3
LH:3
BRF:0
BRH:0
end_of_record
TN:
SF:src\routes\accounts.js
FN:4,(anonymous_0)
FN:7,(anonymous_1)
FN:9,(anonymous_2)
FN:12,(anonymous_3)
FN:15,(anonymous_4)
FN:17,(anonymous_5)
FN:20,(anonymous_6)
FN:23,(anonymous_7)
FN:25,(anonymous_8)
FN:26,(anonymous_9)
FN:29,(anonymous_10)
FN:31,(anonymous_11)
FN:32,(anonymous_12)
FN:36,(anonymous_13)
FN:38,(anonymous_14)
FN:39,(anonymous_15)
FN:42,(anonymous_16)
FN:44,(anonymous_17)
FN:45,(anonymous_18)
FNF:19
FNH:16
FNDA:7,(anonymous_0)
FNDA:7,(anonymous_1)
FNDA:7,(anonymous_2)
FNDA:3,(anonymous_3)
FNDA:3,(anonymous_4)
FNDA:2,(anonymous_5)
FNDA:1,(anonymous_6)
FNDA:1,(anonymous_7)
FNDA:1,(anonymous_8)
FNDA:0,(anonymous_9)
FNDA:1,(anonymous_10)
FNDA:1,(anonymous_11)
FNDA:0,(anonymous_12)
FNDA:1,(anonymous_13)
FNDA:1,(anonymous_14)
FNDA:0,(anonymous_15)
FNDA:2,(anonymous_16)
FNDA:1,(anonymous_17)
FNDA:1,(anonymous_18)
DA:1,7
DA:2,7
DA:4,7
DA:5,7
DA:7,7
DA:8,7
DA:10,7
DA:11,4
DA:12,3
DA:15,7
DA:16,3
DA:18,2
DA:19,1
DA:20,1
DA:23,7
DA:24,1
DA:25,1
DA:26,0
DA:29,7
DA:30,1
DA:31,1
DA:32,0
DA:36,7
DA:37,1
DA:38,1
DA:39,0
DA:42,7
DA:43,2
DA:44,1
DA:45,1
DA:48,7
LF:31
LH:28
BRDA:10,0,0,3
BRDA:10,0,1,4
BRDA:18,1,0,1
BRDA:18,1,1,1
BRF:4
BRH:4
end_of_record
TN:
SF:src\routes\auth.js
FN:8,(anonymous_0)
FN:11,(anonymous_1)
FN:13,(anonymous_2)
FN:24,(anonymous_3)
FN:27,(anonymous_4)
FNF:5
FNH:5
FNDA:7,(anonymous_0)
FNDA:3,(anonymous_1)
FNDA:3,(anonymous_2)
FNDA:2,(anonymous_3)
FNDA:1,(anonymous_4)
DA:1,7
DA:2,7
DA:3,7
DA:4,7
DA:6,7
DA:8,7
DA:9,7
DA:11,7
DA:12,3
DA:14,3
DA:15,2
DA:16,1
DA:21,1
DA:22,1
DA:23,1
DA:24,2
DA:27,7
DA:28,1
DA:29,1
DA:30,1
DA:32,0
DA:36,7
LF:22
LH:21
BRDA:14,0,0,1
BRDA:14,0,1,2
BRDA:15,1,0,1
BRDA:15,1,1,1
BRF:4
BRH:4
end_of_record
TN:
SF:src\routes\balance.js
FN:3,(anonymous_0)
FN:6,(anonymous_1)
FN:8,(anonymous_2)
FN:9,(anonymous_3)
FNF:4
FNH:3
FNDA:7,(anonymous_0)
FNDA:10,(anonymous_1)
FNDA:10,(anonymous_2)
FNDA:0,(anonymous_3)
DA:1,7
DA:3,7
DA:4,7
DA:6,7
DA:7,10
DA:8,10
DA:9,0
DA:12,7
LF:8
LH:7
BRF:0
BRH:0
end_of_record
TN:
SF:src\routes\transactions.js
FN:4,(anonymous_0)
FN:7,(anonymous_1)
FN:9,(anonymous_2)
FN:12,(anonymous_3)
FN:15,(anonymous_4)
FN:17,(anonymous_5)
FN:18,(anonymous_6)
FN:21,(anonymous_7)
FN:23,(anonymous_8)
FN:24,(anonymous_9)
FN:27,(anonymous_10)
FN:29,(anonymous_11)
FN:30,(anonymous_12)
FN:33,(anonymous_13)
FN:35,(anonymous_14)
FN:36,(anonymous_15)
FN:39,(anonymous_16)
FN:41,(anonymous_17)
FN:42,(anonymous_18)
FNF:19
FNH:14
FNDA:7,(anonymous_0)
FNDA:4,(anonymous_1)
FNDA:4,(anonymous_2)
FNDA:1,(anonymous_3)
FNDA:1,(anonymous_4)
FNDA:1,(anonymous_5)
FNDA:0,(anonymous_6)
FNDA:16,(anonymous_7)
FNDA:10,(anonymous_8)
FNDA:0,(anonymous_9)
FNDA:1,(anonymous_10)
FNDA:1,(anonymous_11)
FNDA:0,(anonymous_12)
FNDA:1,(anonymous_13)
FNDA:1,(anonymous_14)
FNDA:0,(anonymous_15)
FNDA:1,(anonymous_16)
FNDA:1,(anonymous_17)
FNDA:0,(anonymous_18)
DA:1,7
DA:2,7
DA:4,7
DA:5,7
DA:7,7
DA:8,4
DA:10,4
DA:11,1
DA:12,1
DA:15,7
DA:16,1
DA:17,1
DA:18,0
DA:21,7
DA:22,16
DA:23,10
DA:24,0
DA:27,7
DA:28,1
DA:29,1
DA:30,0
DA:33,7
DA:34,1
DA:35,1
DA:36,0
DA:39,7
DA:40,1
DA:41,1
DA:42,0
DA:45,7
LF:30
LH:25
BRDA:10,0,0,3
BRDA:10,0,1,1
BRF:2
BRH:2
end_of_record
TN:
SF:src\routes\transfers.js
FN:4,(anonymous_0)
FN:7,(anonymous_1)
FN:9,(anonymous_2)
FN:12,(anonymous_3)
FN:15,(anonymous_4)
FN:17,(anonymous_5)
FN:18,(anonymous_6)
FN:21,(anonymous_7)
FN:23,(anonymous_8)
FN:24,(anonymous_9)
FN:27,(anonymous_10)
FN:30,(anonymous_11)
FN:31,(anonymous_12)
FN:34,(anonymous_13)
FN:36,(anonymous_14)
FN:37,(anonymous_15)
FN:40,(anonymous_16)
FN:42,(anonymous_17)
FN:43,(anonymous_18)
FN:46,(anonymous_19)
FN:48,(anonymous_20)
FN:49,(anonymous_21)
FNF:22
FNH:17
FNDA:7,(anonymous_0)
FNDA:4,(anonymous_1)
FNDA:4,(anonymous_2)
FNDA:1,(anonymous_3)
FNDA:11,(anonymous_4)
FNDA:4,(anonymous_5)
FNDA:7,(anonymous_6)
FNDA:1,(anonymous_7)
FNDA:1,(anonymous_8)
FNDA:0,(anonymous_9)
FNDA:3,(anonymous_10)
FNDA:3,(anonymous_11)
FNDA:0,(anonymous_12)
FNDA:1,(anonymous_13)
FNDA:1,(anonymous_14)
FNDA:0,(anonymous_15)
FNDA:1,(anonymous_16)
FNDA:1,(anonymous_17)
FNDA:0,(anonymous_18)
FNDA:1,(anonymous_19)
FNDA:1,(anonymous_20)
FNDA:0,(anonymous_21)
DA:1,7
DA:2,7
DA:4,7
DA:5,7
DA:7,7
DA:8,4
DA:10,4
DA:11,3
DA:12,1
DA:15,7
DA:16,11
DA:17,4
DA:18,7
DA:21,7
DA:22,1
DA:23,1
DA:24,0
DA:27,7
DA:28,3
DA:29,3
DA:30,3
DA:31,0
DA:34,7
DA:35,1
DA:36,1
DA:37,0
DA:40,7
DA:41,1
DA:42,1
DA:43,0
DA:46,7
DA:47,1
DA:48,1
DA:49,0
DA:52,7
LF:35
LH:30
BRDA:10,0,0,1
BRDA:10,0,1,3
BRF:2
BRH:2
end_of_record
TN:
SF:src\routes\users.js
FN:3,(anonymous_0)
FN:6,(anonymous_1)
FN:8,(anonymous_2)
FN:9,(anonymous_3)
FN:13,(anonymous_4)
FNF:5
FNH:4
FNDA:7,(anonymous_0)
FNDA:1,(anonymous_1)
FNDA:1,(anonymous_2)
FNDA:0,(anonymous_3)
FNDA:6,(anonymous_4)
DA:1,7
DA:3,7
DA:4,7
DA:6,7
DA:7,1
DA:8,1
DA:9,0
DA:13,7
DA:14,6
DA:15,6
DA:16,2
DA:18,4
DA:23,7
LF:13
LH:12
BRF:0
BRH:0
end_of_record
TN:
SF:src\seeds\01_transfer.js
FN:5,(anonymous_0)
FN:8,(anonymous_1)
FN:9,(anonymous_2)
FN:10,(anonymous_3)
FN:11,(anonymous_4)
FN:12,(anonymous_5)
FN:16,(anonymous_6)
FN:22,(anonymous_7)
FN:26,(anonymous_8)
FNF:9
FNH:9
FNDA:2,(anonymous_0)
FNDA:2,(anonymous_1)
FNDA:2,(anonymous_2)
FNDA:2,(anonymous_3)
FNDA:2,(anonymous_4)
FNDA:2,(anonymous_5)
FNDA:2,(anonymous_6)
FNDA:2,(anonymous_7)
FNDA:2,(anonymous_8)
DA:5,2
DA:7,2
DA:8,2
DA:9,2
DA:10,2
DA:11,2
DA:12,2
DA:16,2
DA:22,2
DA:26,2
LF:10
LH:10
BRF:0
BRH:0
end_of_record
TN:
SF:src\seeds\02_balance.js
FN:3,(anonymous_0)
FN:10,(anonymous_1)
FN:18,(anonymous_2)
FN:22,(anonymous_3)
FNF:4
FNH:4
FNDA:2,(anonymous_0)
FNDA:2,(anonymous_1)
FNDA:2,(anonymous_2)
FNDA:2,(anonymous_3)
DA:1,2
DA:3,2
DA:4,2
DA:10,2
DA:18,2
DA:22,2
LF:6
LH:6
BRF:0
BRH:0
end_of_record
TN:
SF:src\services\account.js
FN:3,(anonymous_0)
FN:4,(anonymous_1)
FN:8,(anonymous_2)
FN:12,(anonymous_3)
FN:21,(anonymous_4)
FN:27,(anonymous_5)
FNF:6
FNH:6
FNDA:7,(anonymous_0)
FNDA:1,(anonymous_1)
FNDA:10,(anonymous_2)
FNDA:3,(anonymous_3)
FNDA:1,(anonymous_4)
FNDA:2,(anonymous_5)
DA:1,7
DA:3,7
DA:4,7
DA:5,1
DA:8,7
DA:9,10
DA:12,7
DA:13,3
DA:15,2
DA:16,2
DA:18,1
DA:21,7
DA:22,1
DA:27,7
DA:28,2
DA:29,2
DA:30,1
DA:34,7
LF:18
LH:18
BRDA:8,0,0,0
BRDA:13,1,0,1
BRDA:13,1,1,2
BRDA:16,2,0,1
BRDA:16,2,1,1
BRDA:29,3,0,1
BRDA:29,3,1,1
BRF:7
BRH:6
end_of_record
TN:
SF:src\services\balance.js
FN:1,(anonymous_0)
FN:2,(anonymous_1)
FNF:2
FNH:2
FNDA:7,(anonymous_0)
FNDA:10,(anonymous_1)
DA:1,7
DA:2,7
DA:3,10
DA:12,7
LF:4
LH:4
BRF:0
BRH:0
end_of_record
TN:
SF:src\services\transaction.js
FN:3,(anonymous_0)
FN:4,(anonymous_1)
FN:12,(anonymous_2)
FN:18,(anonymous_3)
FN:35,(anonymous_4)
FN:41,(anonymous_5)
FNF:6
FNH:6
FNDA:7,(anonymous_0)
FNDA:5,(anonymous_1)
FNDA:3,(anonymous_2)
FNDA:16,(anonymous_3)
FNDA:1,(anonymous_4)
FNDA:1,(anonymous_5)
DA:1,7
DA:3,7
DA:4,7
DA:5,5
DA:12,7
DA:13,3
DA:18,7
DA:19,16
DA:20,15
DA:21,14
DA:22,13
DA:23,12
DA:24,11
DA:25,10
DA:26,10
DA:28,5
DA:31,10
DA:35,7
DA:36,1
DA:41,7
DA:42,1
DA:47,7
LF:22
LH:22
BRDA:4,0,0,1
BRDA:19,1,0,1
BRDA:19,1,1,15
BRDA:20,2,0,1
BRDA:20,2,1,14
BRDA:21,3,0,1
BRDA:21,3,1,13
BRDA:22,4,0,1
BRDA:22,4,1,12
BRDA:23,5,0,1
BRDA:23,5,1,11
BRDA:24,6,0,1
BRDA:24,6,1,10
BRDA:24,7,0,11
BRDA:24,7,1,5
BRDA:26,8,0,5
BRDA:26,8,1,5
BRDA:26,9,0,10
BRDA:26,9,1,6
BRDA:26,9,2,9
BRDA:26,9,3,4
BRF:21
BRH:21
end_of_record
TN:
SF:src\services\transfer.js
FN:3,(anonymous_0)
FN:4,(anonymous_1)
FN:10,(anonymous_2)
FN:16,(anonymous_3)
FN:25,(anonymous_4)
FN:30,(anonymous_5)
FN:43,(anonymous_6)
FN:59,(anonymous_7)
FNF:8
FNH:8
FNDA:7,(anonymous_0)
FNDA:1,(anonymous_1)
FNDA:5,(anonymous_2)
FNDA:11,(anonymous_3)
FNDA:10,(anonymous_4)
FNDA:3,(anonymous_5)
FNDA:1,(anonymous_6)
FNDA:1,(anonymous_7)
DA:1,7
DA:3,7
DA:4,7
DA:5,1
DA:10,7
DA:11,5
DA:16,7
DA:17,11
DA:18,10
DA:19,9
DA:20,8
DA:21,7
DA:22,6
DA:24,5
DA:25,5
DA:26,10
DA:30,7
DA:31,3
DA:32,3
DA:34,3
DA:39,3
DA:40,3
DA:43,7
DA:44,1
DA:48,1
DA:53,1
DA:54,1
DA:56,1
DA:59,7
DA:60,1
DA:61,1
DA:64,7
LF:32
LH:32
BRDA:4,0,0,0
BRDA:10,1,0,0
BRDA:17,2,0,1
BRDA:17,2,1,10
BRDA:18,3,0,1
BRDA:18,3,1,9
BRDA:19,4,0,1
BRDA:19,4,1,8
BRDA:20,5,0,1
BRDA:20,5,1,7
BRDA:21,6,0,1
BRDA:21,6,1,6
BRDA:22,7,0,1
BRDA:22,7,1,5
BRDA:26,8,0,1
BRDA:26,8,1,9
BRF:16
BRH:14
end_of_record
TN:
SF:src\services\user.js
FN:4,(anonymous_0)
FN:5,(anonymous_1)
FN:9,(anonymous_2)
FN:13,(anonymous_3)
FN:18,(anonymous_4)
FNF:5
FNH:5
FNDA:7,(anonymous_0)
FNDA:1,(anonymous_1)
FNDA:77,(anonymous_2)
FNDA:8,(anonymous_3)
FNDA:12,(anonymous_4)
DA:1,7
DA:2,7
DA:4,7
DA:5,7
DA:6,1
DA:9,7
DA:10,77
DA:13,7
DA:14,8
DA:15,8
DA:18,7
DA:19,12
DA:20,11
DA:21,10
DA:23,9
DA:24,9
DA:26,8
DA:27,8
DA:29,8
DA:32,7
LF:20
LH:20
BRDA:9,0,0,0
BRDA:19,1,0,1
BRDA:19,1,1,11
BRDA:20,2,0,1
BRDA:20,2,1,10
BRDA:21,3,0,1
BRDA:21,3,1,9
BRDA:24,4,0,1
BRDA:24,4,1,8
BRF:9
BRH:8
end_of_record
